<?xml version="1.0" encoding="UTF-8"?>
<testsuite xmlns:xsi="http://www.w3.org/2001/XMLSchema-instance" xsi:noNamespaceSchemaLocation="https://maven.apache.org/surefire/maven-surefire-plugin/xsd/surefire-test-report-3.0.xsd" version="3.0" name="com.myow.MyowSystemIntegrationTest" time="1.499" tests="10" errors="0" skipped="0" failures="0">
  <properties>
[...]
</properties>
  <testcase name="testBancoDeDadosEInicializacao" classname="com.myow.MyowSystemIntegrationTest" time="0.019">
    <system-err><![CDATA[SLF4J: Failed to load class "org.slf4j.impl.StaticLoggerBinder".
SLF4J: Defaulting to no-operation (NOP) logger implementation
SLF4J: See http://www.slf4j.org/codes.html#StaticLoggerBinder for further details.
]]></system-err>
  </testcase>
  <testcase name="testLoginValidoEInvalido" classname="com.myow.MyowSystemIntegrationTest" time="0.053"/>
  <testcase name="testRecuperacaoSenha" classname="com.myow.MyowSystemIntegrationTest" time="0.019"/>
  <testcase name="testCadastroTutorEPaciente" classname="com.myow.MyowSystemIntegrationTest" time="0.006"/>
  <testcase name="testAgendamentoEConflito" classname="com.myow.MyowSystemIntegrationTest" time="0.017"/>
  <testcase name="testEstoqueEBaixa" classname="com.myow.MyowSystemIntegrationTest" time="0.019"/>
  <testcase name="testExportacaoRelatoriosPdfEExcel" classname="com.myow.MyowSystemIntegrationTest" time="1.133">
    <system-err><![CDATA[ERROR StatusLogger Log4j2 could not find a logging implementation. Please add log4j-core to the classpath. Using SimpleLogger to log to the console...
]]></system-err>
  </testcase>
  <testcase name="testControleDeAcessoRBAC" classname="com.myow.MyowSystemIntegrationTest" time="0.005"/>
  <testcase name="testSessionManager" classname="com.myow.MyowSystemIntegrationTest" time="0.0"/>
  <testcase name="testIdGenerator" classname="com.myow.MyowSystemIntegrationTest" time="0.003"/>
</testsuite>